[12déc.2025 11:39:07.577] [main/INFO] [cpw.mods.modlauncher.Launcher/MODLAUNCHER]: ModLauncher running: args [--mod, sereneseasonsplus, --all, --output, G:\mods\SereneSeasonsPlusTemplate\common\src\generated\resources, --existing, G:\mods\SereneSeasonsPlusTemplate\common\src\main\resources, --launchTarget, forgedatadev, --assetIndex, asset-index, --assetsDir, C:\Users\matga\.gradle\caches\minecraft\assets, --gameDir, ., --fml.fmlVersion, 4.0.41, --fml.mcVersion, 1.21.1, --fml.neoForgeVersion, 21.1.206, --fml.neoFormVersion, 20240808.144430]
[12déc.2025 11:39:07.580] [main/INFO] [cpw.mods.modlauncher.Launcher/MODLAUNCHER]: JVM identified as Eclipse Adoptium OpenJDK 64-Bit Server VM 21.0.7+6-LTS
[12déc.2025 11:39:07.582] [main/INFO] [cpw.mods.modlauncher.Launcher/MODLAUNCHER]: ModLauncher 11.0.5+main.901c6ea8 starting: java version 21.0.7 by Eclipse Adoptium; OS Windows 11 arch amd64 version 10.0
[12déc.2025 11:39:07.703] [main/INFO] [net.neoforged.fml.loading.ImmediateWindowHandler/]: ImmediateWindowProvider not loading because launch target is forgedatadev
[12déc.2025 11:39:07.747] [main/INFO] [mixin/]: SpongePowered MIXIN Subsystem Version=0.8.7 Source=union:/C:/Users/matga/.gradle/caches/modules-2/files-2.1/net.fabricmc/sponge-mixin/0.15.2+mixin.0.8.7/2af2f021d8e02a0220dc27a7a72b4666d66d44ca/sponge-mixin-0.15.2+mixin.0.8.7.jar%23142!/ Service=ModLauncher Env=CLIENT
[12déc.2025 11:39:07.815] [main/INFO] [net.neoforged.fml.loading.moddiscovery.ModDiscoverer/SCAN]: Found mod file "neoforge-21.1.206.jar" [locator: neoforge devenv provider ([G:\mods\SereneSeasonsPlusTemplate\neoforge\.gradle\repositories\ng_dummy_ng\net\neoforged\neoforge\21.1.206\neoforge-21.1.206.jar])]
[12déc.2025 11:39:07.834] [main/INFO] [net.neoforged.fml.loading.moddiscovery.ModDiscoverer/SCAN]: Found mod file "neoforge-21.1.206.jar" [locator: neoforge devenv provider ([G:\mods\SereneSeasonsPlusTemplate\neoforge\.gradle\repositories\ng_dummy_ng\net\neoforged\neoforge\21.1.206\neoforge-21.1.206.jar])]
[12déc.2025 11:39:07.846] [main/INFO] [net.neoforged.fml.loading.moddiscovery.ModDiscoverer/SCAN]: Found mod file "main" [locator: userdev mods and services, reader: mod manifest]
[12déc.2025 11:39:07.856] [main/INFO] [net.neoforged.fml.loading.moddiscovery.ModDiscoverer/SCAN]: Found mod file "neoforge-21.1.206.jar" [locator: userdev mods and services, reader: mod manifest]
[12déc.2025 11:39:07.858] [main/INFO] [net.neoforged.fml.loading.moddiscovery.ModDiscoverer/SCAN]: Found mod file "serene-seasons-291874-6182596.jar" [locator: userdev mods and services, reader: mod manifest]
[12déc.2025 11:39:07.860] [main/INFO] [net.neoforged.fml.loading.moddiscovery.ModDiscoverer/SCAN]: Found mod file "glitchcore-955399-5660740.jar" [locator: userdev mods and services, reader: mod manifest]
[12déc.2025 11:39:07.863] [main/INFO] [net.neoforged.fml.loading.moddiscovery.ModDiscoverer/SCAN]: Found mod file "betterdays-895618-7294209.jar" [locator: userdev mods and services, reader: mod manifest]
[12déc.2025 11:39:07.866] [main/INFO] [net.neoforged.fml.loading.moddiscovery.ModDiscoverer/SCAN]: Found mod file "whitenoise-1.21.1-neoforge-2.0.7.jar" [locator: userdev mods and services, reader: mod manifest]
[12déc.2025 11:39:07.869] [main/INFO] [net.neoforged.fml.loading.moddiscovery.ModDiscoverer/SCAN]: Found mod file "gabous-libs-1367332-7195722.jar" [locator: userdev mods and services, reader: mod manifest]
[12déc.2025 11:39:07.871] [main/INFO] [net.neoforged.fml.loading.moddiscovery.ModDiscoverer/SCAN]: Found mod file "architectury-api-419699-5786327.jar" [locator: userdev mods and services, reader: mod manifest]
[12déc.2025 11:39:07.877] [main/INFO] [net.neoforged.fml.loading.moddiscovery.ModDiscoverer/SCAN]: Found mod file "snow-real-magic-308663-6783557.jar" [locator: userdev mods and services, reader: mod manifest]
[12déc.2025 11:39:07.879] [main/INFO] [net.neoforged.fml.loading.moddiscovery.ModDiscoverer/SCAN]: Found mod file "kiwi-303657-7209486.jar" [locator: userdev mods and services, reader: mod manifest]
[12déc.2025 11:39:07.881] [main/INFO] [net.neoforged.fml.loading.moddiscovery.ModDiscoverer/SCAN]: Found mod file "DevAuth-neoforge-1.2.1.jar" [locator: userdev mods and services, reader: mod manifest]
[12déc.2025 11:39:07.922] [main/INFO] [net.neoforged.fml.loading.moddiscovery.ModDiscoverer/SCAN]: Found gamelibrary file "mixinextras-neoforge-0.5.0.jar" [locator: userdev mods and services, reader: mod manifest]
[12déc.2025 11:39:08.064] [main/WARN] [net.neoforged.jarjar.selection.JarSelector/]: Attempted to select a dependency jar for JarJar which was passed in as source: library:mixinextras.neoforge. Using Mod File: C:\Users\matga\.gradle\caches\modules-2\files-2.1\io.github.llamalad7\mixinextras-neoforge\0.5.0\d734b83ce6542bb70ea31755c1595b88992dbe65\mixinextras-neoforge-0.5.0.jar
[12déc.2025 11:39:08.065] [main/WARN] [net.neoforged.jarjar.selection.JarSelector/]: Attempted to select a dependency jar for JarJar which was passed in as source: whitenoise. Using Mod File: C:\Users\matga\.gradle\caches\modules-2\files-2.1\technology.roughness.whitenoise\whitenoise-1.21.1-neoforge\2.0.7\1b64bd5eff8d30d2bfa58db6d49cfffbced73b49\whitenoise-1.21.1-neoforge-2.0.7.jar
[12déc.2025 11:39:08.065] [main/INFO] [net.neoforged.fml.loading.moddiscovery.locators.JarInJarDependencyLocator/]: Found 8 dependencies adding them to mods collection
[12déc.2025 11:39:08.065] [main/INFO] [net.neoforged.fml.loading.moddiscovery.ModDiscoverer/SCAN]: Found mod file "fabric-game-rule-api-v1-1.0.53+36d727be19.jar" [parent: snow-real-magic-308663-6783557.jar, locator: jarinjar, reader: mod manifest]
[12déc.2025 11:39:08.065] [main/INFO] [net.neoforged.fml.loading.moddiscovery.ModDiscoverer/SCAN]: Found mod file "fabric-renderer-api-v1-3.4.0+9c40919e19.jar" [parent: snow-real-magic-308663-6783557.jar, locator: jarinjar, reader: mod manifest]
[12déc.2025 11:39:08.065] [main/INFO] [net.neoforged.fml.loading.moddiscovery.ModDiscoverer/SCAN]: Found mod file "fabric-api-base-0.4.42+d1308ded19.jar" [parent: kiwi-303657-7209486.jar, locator: jarinjar, reader: mod manifest]
[12déc.2025 11:39:08.065] [main/INFO] [net.neoforged.fml.loading.moddiscovery.ModDiscoverer/SCAN]: Found library file "forgified-fabric-loader-2.5.29+0.16.0+1.21-full.jar" [parent: snow-real-magic-308663-6783557.jar, locator: jarinjar, reader: mod manifest]
[12déc.2025 11:39:08.065] [main/INFO] [net.neoforged.fml.loading.moddiscovery.ModDiscoverer/SCAN]: Found mod file "fabric-renderer-indigo-1.7.0+acb05a3919.jar" [parent: snow-real-magic-308663-6783557.jar, locator: jarinjar, reader: mod manifest]
[12déc.2025 11:39:08.065] [main/INFO] [net.neoforged.fml.loading.moddiscovery.ModDiscoverer/SCAN]: Found mod file "fabric-model-loading-api-v1-2.0.0+986ae77219.jar" [parent: snow-real-magic-308663-6783557.jar, locator: jarinjar, reader: mod manifest]
[12déc.2025 11:39:08.065] [main/INFO] [net.neoforged.fml.loading.moddiscovery.ModDiscoverer/SCAN]: Found library file "net.neoforged.neoforge-coremods-21.1.206.jar" [parent: neoforge-21.1.206.jar, locator: jarinjar, reader: mod manifest]
[12déc.2025 11:39:08.065] [main/INFO] [net.neoforged.fml.loading.moddiscovery.ModDiscoverer/SCAN]: Found mod file "fabric-block-view-api-v2-1.0.10+9afaaf8c19.jar" [parent: snow-real-magic-308663-6783557.jar, locator: jarinjar, reader: mod manifest]
[12déc.2025 11:39:08.067] [main/INFO] [net.neoforged.fml.loading.moddiscovery.ModDiscoverer/]: 
     Mod List:
		Name Version (Mod Id)

		Architectury 13.0.8 (architectury)
		BetterDays 3.3.6.2 (betterdays)
		DevAuth 1.2.1 (devauth)
		Forgified Fabric API Base 0.4.42+d1308ded19 (fabric_api_base)
		Forgified Fabric BlockView API (v2) 1.0.10+9afaaf8c19 (fabric_block_view_api_v2)
		Forgified Fabric Game Rule API (v1) 1.0.53+36d727be19 (fabric_game_rule_api_v1)
		Forgified Fabric Model Loading API (v1) 2.0.0+986ae77219 (fabric_model_loading_api_v1)
		Forgified Fabric Renderer - Indigo 1.7.0+acb05a3919 (fabric_renderer_indigo)
		Forgified Fabric Renderer API (v1) 3.4.0+9c40919e19 (fabric_renderer_api_v1)
		gaboulibs 1.4 (gaboulibs)
		GlitchCore 2.1.0.0 (glitchcore)
		Kiwi Library 15.8.2+neoforge (kiwi)
		Minecraft 1.21.1 (minecraft)
		NeoForge 21.1.206 (neoforge)
		Serene Seasons 10.1.0.3 (sereneseasons)
		Serene Seasons Plus 4.2.1 (sereneseasonsplus)
		Snow! Real Magic! 12.1.2+neoforge (snowrealmagic)
		WhiteNoise 2.0.7 (whitenoise)
[12déc.2025 11:39:08.509] [main/INFO] [mixin/]: Compatibility level set to JAVA_21
[12déc.2025 11:39:08.528] [main/INFO] [net.fabricmc.loader.impl.bootstrap.FabricLoaderBootstrap/]: Propagating FML mod list to Fabric Loader
[12déc.2025 11:39:08.557] [main/INFO] [cpw.mods.modlauncher.LaunchServiceHandler/MODLAUNCHER]: Launching target 'forgedatadev' with arguments [--gameDir, ., --assetsDir, C:\Users\matga\.gradle\caches\minecraft\assets, --mod, sereneseasonsplus, --all, --output, G:\mods\SereneSeasonsPlusTemplate\common\src\generated\resources, --existing, G:\mods\SereneSeasonsPlusTemplate\common\src\main\resources, --assetIndex, asset-index]
[12déc.2025 11:39:08.666] [main/WARN] [mixin/]: Reference map 'kiwi.refmap.json' for kiwi.mixins.json could not be read. If this is a development environment you can ignore this message
[12déc.2025 11:39:08.667] [main/WARN] [mixin/]: Reference map 'glitchcore.refmap.json' for glitchcore.mixins.json could not be read. If this is a development environment you can ignore this message
[12déc.2025 11:39:08.668] [main/WARN] [mixin/]: Reference map 'glitchcore.refmap.json' for glitchcore.neoforge.mixins.json could not be read. If this is a development environment you can ignore this message
[12déc.2025 11:39:08.668] [main/WARN] [mixin/]: Reference map 'sereneseasons.refmap.json' for sereneseasons.mixins.json could not be read. If this is a development environment you can ignore this message
[12déc.2025 11:39:08.668] [main/WARN] [mixin/]: Reference map 'sereneseasons.refmap.json' for sereneseasons.neoforge.mixins.json could not be read. If this is a development environment you can ignore this message
[12déc.2025 11:39:08.671] [main/WARN] [mixin/]: Reference map 'snowrealmagic.refmap.json' for snowrealmagic.mixins.json could not be read. If this is a development environment you can ignore this message
[12déc.2025 11:39:08.679] [main/WARN] [mixin/]: Reference map 'sereneseasonsplus-refmap.json' for sereneseasonsplus.mixins.json could not be read. If this is a development environment you can ignore this message
[12déc.2025 11:39:09.076] [main/WARN] [mixin/]: Error loading class: fuzs/diagonalblocks/world/phys/shapes/VoxelCollection (java.lang.ClassNotFoundException: fuzs.diagonalblocks.world.phys.shapes.VoxelCollection)
[12déc.2025 11:39:09.077] [main/WARN] [mixin/]: @Mixin target fuzs.diagonalblocks.world.phys.shapes.VoxelCollection was not found snowrealmagic.mixins.json:diagonalblocks.VoxelCollectionAccess from mod snowrealmagic
[12déc.2025 11:39:09.080] [main/WARN] [mixin/]: Error loading class: fuzs/diagonalblocks/client/handler/DiagonalModelHandler (java.lang.ClassNotFoundException: fuzs.diagonalblocks.client.handler.DiagonalModelHandler)
[12déc.2025 11:39:09.082] [main/WARN] [mixin/]: @Mixin target fuzs.diagonalblocks.client.handler.DiagonalModelHandler was not found snowrealmagic.mixins.json:diagonalblocks.DiagonalModelHandlerMixin from mod snowrealmagic
[12déc.2025 11:39:09.516] [main/INFO] [net.neoforged.neoforge.data.loading.DatagenModLoader/]: Initializing Data Gatherer for mods [sereneseasonsplus]
[12déc.2025 11:39:09.528] [main/INFO] [MixinExtras|Service/]: Initializing MixinExtras via com.llamalad7.mixinextras.service.MixinExtrasServiceImpl(version=0.5.0).
[12déc.2025 11:39:13.639] [modloading-worker-0/INFO] [snownee.snow.SnowRealMagic/]: SereneSeasons detected. Overriding weather behavior.
[12déc.2025 11:39:13.648] [modloading-worker-0/INFO] [net.fabricmc.fabric.impl.client.indigo.Indigo/]: [Indigo] Registering Indigo renderer!
[12déc.2025 11:39:13.679] [modloading-worker-0/INFO] [net.neoforged.neoforge.common.NeoForgeMod/NEOFORGE-MOD]: NeoForge mod loading, version 21.1.206, for MC 1.21.1
[12déc.2025 11:39:13.730] [modloading-worker-0/INFO] [glitchcore/]: Registered synced config with path sereneseasons/fertility.toml
[12déc.2025 11:39:13.730] [modloading-worker-0/INFO] [glitchcore/]: Registered synced config with path sereneseasons/seasons.toml
[12déc.2025 11:39:13.832] [modloading-worker-0/INFO] [snownee.kiwi.Kiwi/INIT]: Processing 9 KiwiModule annotations
[12déc.2025 11:39:14.092] [modloading-sync-worker/INFO] [snownee.kiwi.Kiwi/INIT]: Module [snowrealmagic:core] initialized
[12déc.2025 11:39:14.095] [modloading-sync-worker/INFO] [snownee.kiwi.Kiwi/INIT]: 		block: 11, block_entity_type: 2, loot_pool_entry_type: 1
[12déc.2025 11:39:14.095] [modloading-sync-worker/INFO] [snownee.kiwi.Kiwi/INIT]: Module [kiwi:data] initialized
[12déc.2025 11:39:14.095] [modloading-sync-worker/INFO] [snownee.kiwi.Kiwi/INIT]: 		recipe_serializer: 2, neoforge:condition_codecs: 2
[12déc.2025 11:39:14.548] [main/WARN] [net.minecraft.server.packs.VanillaPackResourcesBuilder/]: Assets URL 'union:/G:/mods/SereneSeasonsPlusTemplate/neoforge/.gradle/repositories/ng_dummy_ng/net/neoforged/neoforge/21.1.206/neoforge-21.1.206.jar%23195!/assets/.mcassetsroot' uses unexpected schema
[12déc.2025 11:39:14.548] [main/WARN] [net.minecraft.server.packs.VanillaPackResourcesBuilder/]: Assets URL 'union:/G:/mods/SereneSeasonsPlusTemplate/neoforge/.gradle/repositories/ng_dummy_ng/net/neoforged/neoforge/21.1.206/neoforge-21.1.206.jar%23195!/data/.mcassetsroot' uses unexpected schema
[12déc.2025 11:39:14.803] [main/INFO] [net.minecraft.data.DataGenerator/]: All providers took: 0 ms
[12déc.2025 11:39:14.804] [main/INFO] [net.minecraft.data.HashCache/]: Caching: total files: 0, old count: 0, new count: 1, removed stale: 0, written: 0
